<?xml version="1.0" encoding="UTF-8"?>
<!-- Generated by org.testng.reporters.JUnitReportReporter -->
<testsuite skipped="0" hostname="Nilmie" name="SeleniumException.SearchGoogle" tests="1" failures="0" timestamp="08 Nov 2018 19:02:39 GMT" time="7.784" errors="0">
  <testcase name="testSearch" time="7.784" classname="SeleniumException.SearchGoogle"/>
</testsuite> <!-- SeleniumException.SearchGoogle -->
